2025-05-12 20:56:59,735:WARNING:
'cuml' is a soft dependency and not included in the pycaret installation. Please run: `pip install cuml` to install.
2025-05-12 20:56:59,735:WARNING:
'cuml' is a soft dependency and not included in the pycaret installation. Please run: `pip install cuml` to install.
2025-05-12 20:56:59,735:WARNING:
'cuml' is a soft dependency and not included in the pycaret installation. Please run: `pip install cuml` to install.
2025-05-12 20:56:59,735:WARNING:
'cuml' is a soft dependency and not included in the pycaret installation. Please run: `pip install cuml` to install.
2025-05-12 20:58:20,708:WARNING:
'cuml' is a soft dependency and not included in the pycaret installation. Please run: `pip install cuml` to install.
2025-05-12 20:58:20,713:WARNING:
'cuml' is a soft dependency and not included in the pycaret installation. Please run: `pip install cuml` to install.
2025-05-12 20:58:20,713:WARNING:
'cuml' is a soft dependency and not included in the pycaret installation. Please run: `pip install cuml` to install.
2025-05-12 20:58:20,713:WARNING:
'cuml' is a soft dependency and not included in the pycaret installation. Please run: `pip install cuml` to install.
2025-05-12 21:01:13,060:INFO:PyCaret RegressionExperiment
2025-05-12 21:01:13,060:INFO:Logging name: reg-default-name
2025-05-12 21:01:13,060:INFO:ML Usecase: MLUsecase.REGRESSION
2025-05-12 21:01:13,061:INFO:version 3.3.2
2025-05-12 21:01:13,061:INFO:Initializing setup()
2025-05-12 21:01:13,061:INFO:self.USI: 65c1
2025-05-12 21:01:13,061:INFO:self._variable_keys: {'_available_plots', 'html_param', '_ml_usecase', 'log_plots_param', 'idx', 'exp_name_log', 'data', 'y_train', 'logging_param', 'exp_id', 'gpu_param', 'fold_shuffle_param', 'fold_generator', 'n_jobs_param', 'seed', 'memory', 'USI', 'pipeline', 'gpu_n_jobs_param', 'y', 'fold_groups_param', 'target_param', 'X_test', 'y_test', 'X', 'transform_target_param', 'X_train'}
2025-05-12 21:01:13,061:INFO:Checking environment
2025-05-12 21:01:13,061:INFO:python_version: 3.11.0
2025-05-12 21:01:13,061:INFO:python_build: ('main', 'Oct 24 2022 18:26:48')
2025-05-12 21:01:13,061:INFO:machine: AMD64
2025-05-12 21:01:13,061:INFO:platform: Windows-10-10.0.26100-SP0
2025-05-12 21:01:13,071:INFO:Memory: svmem(total=102695145472, available=72899743744, percent=29.0, used=29795401728, free=72899743744)
2025-05-12 21:01:13,071:INFO:Physical Core: 16
2025-05-12 21:01:13,071:INFO:Logical Core: 32
2025-05-12 21:01:13,071:INFO:Checking libraries
2025-05-12 21:01:13,071:INFO:System:
2025-05-12 21:01:13,071:INFO:    python: 3.11.0 (main, Oct 24 2022, 18:26:48) [MSC v.1933 64 bit (AMD64)]
2025-05-12 21:01:13,071:INFO:executable: c:\Users\Brangovich\AppData\Local\Programs\Python\Python311\python.exe
2025-05-12 21:01:13,071:INFO:   machine: Windows-10-10.0.26100-SP0
2025-05-12 21:01:13,071:INFO:PyCaret required dependencies:
2025-05-12 21:01:13,111:INFO:                 pip: 22.3
2025-05-12 21:01:13,111:INFO:          setuptools: 65.5.0
2025-05-12 21:01:13,111:INFO:             pycaret: 3.3.2
2025-05-12 21:01:13,111:INFO:             IPython: 9.1.0
2025-05-12 21:01:13,111:INFO:          ipywidgets: 8.1.7
2025-05-12 21:01:13,111:INFO:                tqdm: 4.67.1
2025-05-12 21:01:13,111:INFO:               numpy: 1.26.4
2025-05-12 21:01:13,111:INFO:              pandas: 2.1.4
2025-05-12 21:01:13,111:INFO:              jinja2: 3.1.6
2025-05-12 21:01:13,111:INFO:               scipy: 1.11.4
2025-05-12 21:01:13,111:INFO:              joblib: 1.3.2
2025-05-12 21:01:13,111:INFO:             sklearn: 1.4.2
2025-05-12 21:01:13,111:INFO:                pyod: 2.0.5
2025-05-12 21:01:13,111:INFO:            imblearn: 0.13.0
2025-05-12 21:01:13,111:INFO:   category_encoders: 2.7.0
2025-05-12 21:01:13,111:INFO:            lightgbm: 4.6.0
2025-05-12 21:01:13,111:INFO:               numba: 0.61.2
2025-05-12 21:01:13,111:INFO:            requests: 2.32.3
2025-05-12 21:01:13,111:INFO:          matplotlib: 3.7.5
2025-05-12 21:01:13,111:INFO:          scikitplot: 0.3.7
2025-05-12 21:01:13,111:INFO:         yellowbrick: 1.5
2025-05-12 21:01:13,111:INFO:              plotly: 5.24.1
2025-05-12 21:01:13,111:INFO:    plotly-resampler: Not installed
2025-05-12 21:01:13,111:INFO:             kaleido: 0.2.1
2025-05-12 21:01:13,111:INFO:           schemdraw: 0.15
2025-05-12 21:01:13,111:INFO:         statsmodels: 0.14.4
2025-05-12 21:01:13,111:INFO:              sktime: 0.26.0
2025-05-12 21:01:13,111:INFO:               tbats: 1.1.3
2025-05-12 21:01:13,111:INFO:            pmdarima: 2.0.4
2025-05-12 21:01:13,111:INFO:              psutil: 7.0.0
2025-05-12 21:01:13,111:INFO:          markupsafe: 3.0.2
2025-05-12 21:01:13,112:INFO:             pickle5: Not installed
2025-05-12 21:01:13,112:INFO:         cloudpickle: 3.1.1
2025-05-12 21:01:13,112:INFO:         deprecation: 2.1.0
2025-05-12 21:01:13,112:INFO:              xxhash: 3.5.0
2025-05-12 21:01:13,112:INFO:           wurlitzer: Not installed
2025-05-12 21:01:13,112:INFO:PyCaret optional dependencies:
2025-05-12 21:01:13,119:INFO:                shap: Not installed
2025-05-12 21:01:13,119:INFO:           interpret: Not installed
2025-05-12 21:01:13,119:INFO:                umap: Not installed
2025-05-12 21:01:13,119:INFO:     ydata_profiling: Not installed
2025-05-12 21:01:13,119:INFO:  explainerdashboard: Not installed
2025-05-12 21:01:13,119:INFO:             autoviz: Not installed
2025-05-12 21:01:13,119:INFO:           fairlearn: Not installed
2025-05-12 21:01:13,119:INFO:          deepchecks: Not installed
2025-05-12 21:01:13,119:INFO:             xgboost: Not installed
2025-05-12 21:01:13,119:INFO:            catboost: Not installed
2025-05-12 21:01:13,119:INFO:              kmodes: Not installed
2025-05-12 21:01:13,119:INFO:             mlxtend: Not installed
2025-05-12 21:01:13,119:INFO:       statsforecast: Not installed
2025-05-12 21:01:13,119:INFO:        tune_sklearn: Not installed
2025-05-12 21:01:13,119:INFO:                 ray: Not installed
2025-05-12 21:01:13,119:INFO:            hyperopt: Not installed
2025-05-12 21:01:13,119:INFO:              optuna: Not installed
2025-05-12 21:01:13,119:INFO:               skopt: Not installed
2025-05-12 21:01:13,119:INFO:              mlflow: Not installed
2025-05-12 21:01:13,119:INFO:              gradio: Not installed
2025-05-12 21:01:13,119:INFO:             fastapi: Not installed
2025-05-12 21:01:13,119:INFO:             uvicorn: Not installed
2025-05-12 21:01:13,119:INFO:              m2cgen: Not installed
2025-05-12 21:01:13,119:INFO:           evidently: Not installed
2025-05-12 21:01:13,119:INFO:               fugue: Not installed
2025-05-12 21:01:13,119:INFO:           streamlit: Not installed
2025-05-12 21:01:13,119:INFO:             prophet: Not installed
2025-05-12 21:01:13,119:INFO:None
2025-05-12 21:01:13,119:INFO:Set up data.
2025-05-12 21:01:13,122:INFO:Set up folding strategy.
2025-05-12 21:01:13,122:INFO:Set up train/test split.
2025-05-12 21:01:13,950:INFO:Set up index.
2025-05-12 21:01:13,950:INFO:Assigning column types.
2025-05-12 21:01:13,951:INFO:Engine successfully changes for model 'lr' to 'sklearn'.
2025-05-12 21:01:13,951:INFO:Engine for model 'lasso' has not been set explicitly, hence returning None.
2025-05-12 21:01:13,954:INFO:Engine for model 'ridge' has not been set explicitly, hence returning None.
2025-05-12 21:01:13,955:INFO:Engine for model 'en' has not been set explicitly, hence returning None.
2025-05-12 21:01:13,980:INFO:Engine for model 'svm' has not been set explicitly, hence returning None.
2025-05-12 21:01:14,000:INFO:Engine for model 'knn' has not been set explicitly, hence returning None.
2025-05-12 21:01:14,000:WARNING:
'xgboost' is a soft dependency and not included in the pycaret installation. Please run: `pip install xgboost` to install.
Alternately, you can install this by running `pip install pycaret[models]`
2025-05-12 21:01:14,000:WARNING:
'catboost' is a soft dependency and not included in the pycaret installation. Please run: `pip install catboost` to install.
Alternately, you can install this by running `pip install pycaret[models]`
2025-05-12 21:01:14,001:INFO:Engine for model 'lasso' has not been set explicitly, hence returning None.
2025-05-12 21:01:14,002:INFO:Engine for model 'ridge' has not been set explicitly, hence returning None.
2025-05-12 21:01:14,004:INFO:Engine for model 'en' has not been set explicitly, hence returning None.
2025-05-12 21:01:14,029:INFO:Engine for model 'svm' has not been set explicitly, hence returning None.
2025-05-12 21:01:14,048:INFO:Engine for model 'knn' has not been set explicitly, hence returning None.
2025-05-12 21:01:14,048:WARNING:
'xgboost' is a soft dependency and not included in the pycaret installation. Please run: `pip install xgboost` to install.
Alternately, you can install this by running `pip install pycaret[models]`
2025-05-12 21:01:14,048:WARNING:
'catboost' is a soft dependency and not included in the pycaret installation. Please run: `pip install catboost` to install.
Alternately, you can install this by running `pip install pycaret[models]`
2025-05-12 21:01:14,048:INFO:Engine successfully changes for model 'lasso' to 'sklearn'.
2025-05-12 21:01:14,050:INFO:Engine for model 'ridge' has not been set explicitly, hence returning None.
2025-05-12 21:01:14,052:INFO:Engine for model 'en' has not been set explicitly, hence returning None.
2025-05-12 21:01:14,076:INFO:Engine for model 'svm' has not been set explicitly, hence returning None.
2025-05-12 21:01:14,096:INFO:Engine for model 'knn' has not been set explicitly, hence returning None.
2025-05-12 21:01:14,096:WARNING:
'xgboost' is a soft dependency and not included in the pycaret installation. Please run: `pip install xgboost` to install.
Alternately, you can install this by running `pip install pycaret[models]`
2025-05-12 21:01:14,096:WARNING:
'catboost' is a soft dependency and not included in the pycaret installation. Please run: `pip install catboost` to install.
Alternately, you can install this by running `pip install pycaret[models]`
2025-05-12 21:01:14,099:INFO:Engine for model 'ridge' has not been set explicitly, hence returning None.
2025-05-12 21:01:14,101:INFO:Engine for model 'en' has not been set explicitly, hence returning None.
2025-05-12 21:01:14,125:INFO:Engine for model 'svm' has not been set explicitly, hence returning None.
2025-05-12 21:01:14,144:INFO:Engine for model 'knn' has not been set explicitly, hence returning None.
2025-05-12 21:01:14,144:WARNING:
'xgboost' is a soft dependency and not included in the pycaret installation. Please run: `pip install xgboost` to install.
Alternately, you can install this by running `pip install pycaret[models]`
2025-05-12 21:01:14,144:WARNING:
'catboost' is a soft dependency and not included in the pycaret installation. Please run: `pip install catboost` to install.
Alternately, you can install this by running `pip install pycaret[models]`
2025-05-12 21:01:14,145:INFO:Engine successfully changes for model 'ridge' to 'sklearn'.
2025-05-12 21:01:14,149:INFO:Engine for model 'en' has not been set explicitly, hence returning None.
2025-05-12 21:01:14,174:INFO:Engine for model 'svm' has not been set explicitly, hence returning None.
2025-05-12 21:01:14,194:INFO:Engine for model 'knn' has not been set explicitly, hence returning None.
2025-05-12 21:01:14,194:WARNING:
'xgboost' is a soft dependency and not included in the pycaret installation. Please run: `pip install xgboost` to install.
Alternately, you can install this by running `pip install pycaret[models]`
2025-05-12 21:01:14,194:WARNING:
'catboost' is a soft dependency and not included in the pycaret installation. Please run: `pip install catboost` to install.
Alternately, you can install this by running `pip install pycaret[models]`
2025-05-12 21:01:14,198:INFO:Engine for model 'en' has not been set explicitly, hence returning None.
2025-05-12 21:01:14,222:INFO:Engine for model 'svm' has not been set explicitly, hence returning None.
2025-05-12 21:01:14,241:INFO:Engine for model 'knn' has not been set explicitly, hence returning None.
2025-05-12 21:01:14,242:WARNING:
'xgboost' is a soft dependency and not included in the pycaret installation. Please run: `pip install xgboost` to install.
Alternately, you can install this by running `pip install pycaret[models]`
2025-05-12 21:01:14,242:WARNING:
'catboost' is a soft dependency and not included in the pycaret installation. Please run: `pip install catboost` to install.
Alternately, you can install this by running `pip install pycaret[models]`
2025-05-12 21:01:14,242:INFO:Engine successfully changes for model 'en' to 'sklearn'.
2025-05-12 21:01:14,270:INFO:Engine for model 'svm' has not been set explicitly, hence returning None.
2025-05-12 21:01:14,290:INFO:Engine for model 'knn' has not been set explicitly, hence returning None.
2025-05-12 21:01:14,291:WARNING:
'xgboost' is a soft dependency and not included in the pycaret installation. Please run: `pip install xgboost` to install.
Alternately, you can install this by running `pip install pycaret[models]`
2025-05-12 21:01:14,291:WARNING:
'catboost' is a soft dependency and not included in the pycaret installation. Please run: `pip install catboost` to install.
Alternately, you can install this by running `pip install pycaret[models]`
2025-05-12 21:01:14,319:INFO:Engine for model 'svm' has not been set explicitly, hence returning None.
2025-05-12 21:01:14,338:INFO:Engine for model 'knn' has not been set explicitly, hence returning None.
2025-05-12 21:01:14,339:WARNING:
'xgboost' is a soft dependency and not included in the pycaret installation. Please run: `pip install xgboost` to install.
Alternately, you can install this by running `pip install pycaret[models]`
2025-05-12 21:01:14,339:WARNING:
'catboost' is a soft dependency and not included in the pycaret installation. Please run: `pip install catboost` to install.
Alternately, you can install this by running `pip install pycaret[models]`
2025-05-12 21:01:14,339:INFO:Engine successfully changes for model 'knn' to 'sklearn'.
2025-05-12 21:01:14,367:INFO:Engine for model 'svm' has not been set explicitly, hence returning None.
2025-05-12 21:01:14,386:WARNING:
'xgboost' is a soft dependency and not included in the pycaret installation. Please run: `pip install xgboost` to install.
Alternately, you can install this by running `pip install pycaret[models]`
2025-05-12 21:01:14,386:WARNING:
'catboost' is a soft dependency and not included in the pycaret installation. Please run: `pip install catboost` to install.
Alternately, you can install this by running `pip install pycaret[models]`
2025-05-12 21:01:14,415:INFO:Engine for model 'svm' has not been set explicitly, hence returning None.
2025-05-12 21:01:14,435:WARNING:
'xgboost' is a soft dependency and not included in the pycaret installation. Please run: `pip install xgboost` to install.
Alternately, you can install this by running `pip install pycaret[models]`
2025-05-12 21:01:14,435:WARNING:
'catboost' is a soft dependency and not included in the pycaret installation. Please run: `pip install catboost` to install.
Alternately, you can install this by running `pip install pycaret[models]`
2025-05-12 21:01:14,435:INFO:Engine successfully changes for model 'svm' to 'sklearn'.
2025-05-12 21:01:14,483:WARNING:
'xgboost' is a soft dependency and not included in the pycaret installation. Please run: `pip install xgboost` to install.
Alternately, you can install this by running `pip install pycaret[models]`
2025-05-12 21:01:14,483:WARNING:
'catboost' is a soft dependency and not included in the pycaret installation. Please run: `pip install catboost` to install.
Alternately, you can install this by running `pip install pycaret[models]`
2025-05-12 21:01:14,531:WARNING:
'xgboost' is a soft dependency and not included in the pycaret installation. Please run: `pip install xgboost` to install.
Alternately, you can install this by running `pip install pycaret[models]`
2025-05-12 21:01:14,531:WARNING:
'catboost' is a soft dependency and not included in the pycaret installation. Please run: `pip install catboost` to install.
Alternately, you can install this by running `pip install pycaret[models]`
2025-05-12 21:01:14,533:INFO:Preparing preprocessing pipeline...
2025-05-12 21:01:14,533:INFO:Set up simple imputation.
2025-05-12 21:01:14,534:INFO:Set up encoding of categorical features.
2025-05-12 21:01:14,534:INFO:Set up feature normalization.
2025-05-12 21:01:14,556:INFO:Finished creating preprocessing pipeline.
2025-05-12 21:01:14,560:INFO:Pipeline: Pipeline(memory=FastMemory(location=C:\Users\BRANGO~1\AppData\Local\Temp\joblib),
         steps=[('numerical_imputer',
                 TransformerWrapper(include=['area_m2', 'num_habitaciones',
                                             'num_banos', 'antiguedad_anos',
                                             'vista_mar'],
                                    transformer=SimpleImputer())),
                ('categorical_imputer',
                 TransformerWrapper(include=['distrito'],
                                    transformer=SimpleImputer(strategy='most_frequent'))),
                ('onehot_encoding',
                 TransformerWrapper(include=['distrito'],
                                    transformer=OneHotEncoder(cols=['distrito'],
                                                              handle_missing='return_nan',
                                                              use_cat_names=True))),
                ('normalize',
                 TransformerWrapper(transformer=StandardScaler()))])
2025-05-12 21:01:14,560:INFO:Creating final display dataframe.
2025-05-12 21:01:14,615:INFO:Setup _display_container:                     Description             Value
0                    Session id               123
1                        Target            precio
2                   Target type        Regression
3           Original data shape          (100, 7)
4        Transformed data shape         (100, 10)
5   Transformed train set shape          (70, 10)
6    Transformed test set shape          (30, 10)
7              Numeric features                 5
8          Categorical features                 1
9                    Preprocess              True
10              Imputation type            simple
11           Numeric imputation              mean
12       Categorical imputation              mode
13     Maximum one-hot encoding                25
14              Encoding method              None
15                    Normalize              True
16             Normalize method            zscore
17               Fold Generator             KFold
18                  Fold Number                10
19                     CPU Jobs                -1
20                      Use GPU             False
21               Log Experiment             False
22              Experiment Name  reg-default-name
23                          USI              65c1
2025-05-12 21:01:14,668:WARNING:
'xgboost' is a soft dependency and not included in the pycaret installation. Please run: `pip install xgboost` to install.
Alternately, you can install this by running `pip install pycaret[models]`
2025-05-12 21:01:14,668:WARNING:
'catboost' is a soft dependency and not included in the pycaret installation. Please run: `pip install catboost` to install.
Alternately, you can install this by running `pip install pycaret[models]`
2025-05-12 21:01:14,716:WARNING:
'xgboost' is a soft dependency and not included in the pycaret installation. Please run: `pip install xgboost` to install.
Alternately, you can install this by running `pip install pycaret[models]`
2025-05-12 21:01:14,716:WARNING:
'catboost' is a soft dependency and not included in the pycaret installation. Please run: `pip install catboost` to install.
Alternately, you can install this by running `pip install pycaret[models]`
2025-05-12 21:01:14,716:INFO:setup() successfully completed in 1.66s...............
2025-05-12 21:06:49,566:INFO:Initializing compare_models()
2025-05-12 21:06:49,566:INFO:compare_models(self=<pycaret.regression.oop.RegressionExperiment object at 0x0000015564516D10>, include=None, exclude=None, fold=None, round=4, cross_validation=True, sort=R2, n_select=1, budget_time=None, turbo=True, errors=ignore, fit_kwargs=None, groups=None, experiment_custom_tags=None, probability_threshold=None, verbose=True, parallel=None, caller_params={'self': <pycaret.regression.oop.RegressionExperiment object at 0x0000015564516D10>, 'include': None, 'exclude': None, 'fold': None, 'round': 4, 'cross_validation': True, 'sort': 'R2', 'n_select': 1, 'budget_time': None, 'turbo': True, 'errors': 'ignore', 'fit_kwargs': None, 'groups': None, 'experiment_custom_tags': None, 'engine': None, 'verbose': True, 'parallel': None, '__class__': <class 'pycaret.regression.oop.RegressionExperiment'>})
2025-05-12 21:06:49,566:INFO:Checking exceptions
2025-05-12 21:06:49,568:INFO:Preparing display monitor
2025-05-12 21:06:49,583:INFO:Initializing Linear Regression
2025-05-12 21:06:49,583:INFO:Total runtime is 0.0 minutes
2025-05-12 21:06:49,585:INFO:SubProcess create_model() called ==================================
2025-05-12 21:06:49,585:INFO:Initializing create_model()
2025-05-12 21:06:49,585:INFO:create_model(self=<pycaret.regression.oop.RegressionExperiment object at 0x0000015564516D10>, estimator=lr, fold=KFold(n_splits=10, random_state=None, shuffle=False), round=4, cross_validation=True, predict=True, fit_kwargs={}, groups=None, refit=False, probability_threshold=None, experiment_custom_tags=None, verbose=False, system=False, add_to_model_list=True, metrics=None, display=<pycaret.internal.display.display.CommonDisplay object at 0x00000155641E6090>, model_only=True, return_train_score=False, error_score=0.0, kwargs={})
2025-05-12 21:06:49,585:INFO:Checking exceptions
2025-05-12 21:06:49,585:INFO:Importing libraries
2025-05-12 21:06:49,585:INFO:Copying training dataset
2025-05-12 21:06:49,586:INFO:Defining folds
2025-05-12 21:06:49,586:INFO:Declaring metric variables
2025-05-12 21:06:49,589:INFO:Importing untrained model
2025-05-12 21:06:49,590:INFO:Linear Regression Imported successfully
2025-05-12 21:06:49,593:INFO:Starting cross validation
2025-05-12 21:06:49,596:INFO:Cross validating with KFold(n_splits=10, random_state=None, shuffle=False), n_jobs=-1
2025-05-12 21:06:51,345:INFO:Calculating mean and std
2025-05-12 21:06:51,345:INFO:Creating metrics dataframe
2025-05-12 21:06:51,346:INFO:Uploading results into container
2025-05-12 21:06:51,348:INFO:Uploading model into container now
2025-05-12 21:06:51,348:INFO:_master_model_container: 1
2025-05-12 21:06:51,349:INFO:_display_container: 2
2025-05-12 21:06:51,349:INFO:LinearRegression(n_jobs=-1)
2025-05-12 21:06:51,349:INFO:create_model() successfully completed......................................
2025-05-12 21:06:51,438:INFO:SubProcess create_model() end ==================================
2025-05-12 21:06:51,439:INFO:Creating metrics dataframe
2025-05-12 21:06:51,442:INFO:Initializing Lasso Regression
2025-05-12 21:06:51,442:INFO:Total runtime is 0.030974523226420084 minutes
2025-05-12 21:06:51,443:INFO:SubProcess create_model() called ==================================
2025-05-12 21:06:51,443:INFO:Initializing create_model()
2025-05-12 21:06:51,443:INFO:create_model(self=<pycaret.regression.oop.RegressionExperiment object at 0x0000015564516D10>, estimator=lasso, fold=KFold(n_splits=10, random_state=None, shuffle=False), round=4, cross_validation=True, predict=True, fit_kwargs={}, groups=None, refit=False, probability_threshold=None, experiment_custom_tags=None, verbose=False, system=False, add_to_model_list=True, metrics=None, display=<pycaret.internal.display.display.CommonDisplay object at 0x00000155641E6090>, model_only=True, return_train_score=False, error_score=0.0, kwargs={})
2025-05-12 21:06:51,443:INFO:Checking exceptions
2025-05-12 21:06:51,443:INFO:Importing libraries
2025-05-12 21:06:51,443:INFO:Copying training dataset
2025-05-12 21:06:51,444:INFO:Defining folds
2025-05-12 21:06:51,444:INFO:Declaring metric variables
2025-05-12 21:06:51,446:INFO:Importing untrained model
2025-05-12 21:06:51,446:INFO:Lasso Regression Imported successfully
2025-05-12 21:06:51,450:INFO:Starting cross validation
2025-05-12 21:06:51,451:INFO:Cross validating with KFold(n_splits=10, random_state=None, shuffle=False), n_jobs=-1
2025-05-12 21:06:52,806:INFO:Calculating mean and std
2025-05-12 21:06:52,807:INFO:Creating metrics dataframe
2025-05-12 21:06:52,808:INFO:Uploading results into container
2025-05-12 21:06:52,809:INFO:Uploading model into container now
2025-05-12 21:06:52,809:INFO:_master_model_container: 2
2025-05-12 21:06:52,809:INFO:_display_container: 2
2025-05-12 21:06:52,809:INFO:Lasso(random_state=123)
2025-05-12 21:06:52,809:INFO:create_model() successfully completed......................................
2025-05-12 21:06:52,900:INFO:SubProcess create_model() end ==================================
2025-05-12 21:06:52,900:INFO:Creating metrics dataframe
2025-05-12 21:06:52,903:INFO:Initializing Ridge Regression
2025-05-12 21:06:52,903:INFO:Total runtime is 0.05533672968546549 minutes
2025-05-12 21:06:52,905:INFO:SubProcess create_model() called ==================================
2025-05-12 21:06:52,905:INFO:Initializing create_model()
2025-05-12 21:06:52,905:INFO:create_model(self=<pycaret.regression.oop.RegressionExperiment object at 0x0000015564516D10>, estimator=ridge, fold=KFold(n_splits=10, random_state=None, shuffle=False), round=4, cross_validation=True, predict=True, fit_kwargs={}, groups=None, refit=False, probability_threshold=None, experiment_custom_tags=None, verbose=False, system=False, add_to_model_list=True, metrics=None, display=<pycaret.internal.display.display.CommonDisplay object at 0x00000155641E6090>, model_only=True, return_train_score=False, error_score=0.0, kwargs={})
2025-05-12 21:06:52,905:INFO:Checking exceptions
2025-05-12 21:06:52,905:INFO:Importing libraries
2025-05-12 21:06:52,905:INFO:Copying training dataset
2025-05-12 21:06:52,906:INFO:Defining folds
2025-05-12 21:06:52,906:INFO:Declaring metric variables
2025-05-12 21:06:52,908:INFO:Importing untrained model
2025-05-12 21:06:52,909:INFO:Ridge Regression Imported successfully
2025-05-12 21:06:52,912:INFO:Starting cross validation
2025-05-12 21:06:52,913:INFO:Cross validating with KFold(n_splits=10, random_state=None, shuffle=False), n_jobs=-1
2025-05-12 21:06:54,269:INFO:Calculating mean and std
2025-05-12 21:06:54,269:INFO:Creating metrics dataframe
2025-05-12 21:06:54,271:INFO:Uploading results into container
2025-05-12 21:06:54,271:INFO:Uploading model into container now
2025-05-12 21:06:54,271:INFO:_master_model_container: 3
2025-05-12 21:06:54,273:INFO:_display_container: 2
2025-05-12 21:06:54,273:INFO:Ridge(random_state=123)
2025-05-12 21:06:54,273:INFO:create_model() successfully completed......................................
2025-05-12 21:06:54,364:INFO:SubProcess create_model() end ==================================
2025-05-12 21:06:54,364:INFO:Creating metrics dataframe
2025-05-12 21:06:54,368:INFO:Initializing Elastic Net
2025-05-12 21:06:54,368:INFO:Total runtime is 0.079744819800059 minutes
2025-05-12 21:06:54,370:INFO:SubProcess create_model() called ==================================
2025-05-12 21:06:54,370:INFO:Initializing create_model()
2025-05-12 21:06:54,370:INFO:create_model(self=<pycaret.regression.oop.RegressionExperiment object at 0x0000015564516D10>, estimator=en, fold=KFold(n_splits=10, random_state=None, shuffle=False), round=4, cross_validation=True, predict=True, fit_kwargs={}, groups=None, refit=False, probability_threshold=None, experiment_custom_tags=None, verbose=False, system=False, add_to_model_list=True, metrics=None, display=<pycaret.internal.display.display.CommonDisplay object at 0x00000155641E6090>, model_only=True, return_train_score=False, error_score=0.0, kwargs={})
2025-05-12 21:06:54,370:INFO:Checking exceptions
2025-05-12 21:06:54,370:INFO:Importing libraries
2025-05-12 21:06:54,370:INFO:Copying training dataset
2025-05-12 21:06:54,372:INFO:Defining folds
2025-05-12 21:06:54,372:INFO:Declaring metric variables
2025-05-12 21:06:54,373:INFO:Importing untrained model
2025-05-12 21:06:54,375:INFO:Elastic Net Imported successfully
2025-05-12 21:06:54,377:INFO:Starting cross validation
2025-05-12 21:06:54,378:INFO:Cross validating with KFold(n_splits=10, random_state=None, shuffle=False), n_jobs=-1
2025-05-12 21:06:55,471:INFO:Calculating mean and std
2025-05-12 21:06:55,471:INFO:Creating metrics dataframe
2025-05-12 21:06:55,473:INFO:Uploading results into container
2025-05-12 21:06:55,474:INFO:Uploading model into container now
2025-05-12 21:06:55,474:INFO:_master_model_container: 4
2025-05-12 21:06:55,474:INFO:_display_container: 2
2025-05-12 21:06:55,474:INFO:ElasticNet(random_state=123)
2025-05-12 21:06:55,474:INFO:create_model() successfully completed......................................
2025-05-12 21:06:55,563:INFO:SubProcess create_model() end ==================================
2025-05-12 21:06:55,563:INFO:Creating metrics dataframe
2025-05-12 21:06:55,566:INFO:Initializing Least Angle Regression
2025-05-12 21:06:55,566:INFO:Total runtime is 0.09971886873245239 minutes
2025-05-12 21:06:55,568:INFO:SubProcess create_model() called ==================================
2025-05-12 21:06:55,568:INFO:Initializing create_model()
2025-05-12 21:06:55,568:INFO:create_model(self=<pycaret.regression.oop.RegressionExperiment object at 0x0000015564516D10>, estimator=lar, fold=KFold(n_splits=10, random_state=None, shuffle=False), round=4, cross_validation=True, predict=True, fit_kwargs={}, groups=None, refit=False, probability_threshold=None, experiment_custom_tags=None, verbose=False, system=False, add_to_model_list=True, metrics=None, display=<pycaret.internal.display.display.CommonDisplay object at 0x00000155641E6090>, model_only=True, return_train_score=False, error_score=0.0, kwargs={})
2025-05-12 21:06:55,568:INFO:Checking exceptions
2025-05-12 21:06:55,568:INFO:Importing libraries
2025-05-12 21:06:55,568:INFO:Copying training dataset
2025-05-12 21:06:55,570:INFO:Defining folds
2025-05-12 21:06:55,570:INFO:Declaring metric variables
2025-05-12 21:06:55,571:INFO:Importing untrained model
2025-05-12 21:06:55,572:INFO:Least Angle Regression Imported successfully
2025-05-12 21:06:55,575:INFO:Starting cross validation
2025-05-12 21:06:55,575:INFO:Cross validating with KFold(n_splits=10, random_state=None, shuffle=False), n_jobs=-1
2025-05-12 21:06:55,612:INFO:Calculating mean and std
2025-05-12 21:06:55,612:INFO:Creating metrics dataframe
2025-05-12 21:06:55,613:INFO:Uploading results into container
2025-05-12 21:06:55,613:INFO:Uploading model into container now
2025-05-12 21:06:55,614:INFO:_master_model_container: 5
2025-05-12 21:06:55,614:INFO:_display_container: 2
2025-05-12 21:06:55,614:INFO:Lars(random_state=123)
2025-05-12 21:06:55,614:INFO:create_model() successfully completed......................................
2025-05-12 21:06:55,700:INFO:SubProcess create_model() end ==================================
2025-05-12 21:06:55,700:INFO:Creating metrics dataframe
2025-05-12 21:06:55,704:INFO:Initializing Lasso Least Angle Regression
2025-05-12 21:06:55,704:INFO:Total runtime is 0.10200777848561605 minutes
2025-05-12 21:06:55,705:INFO:SubProcess create_model() called ==================================
2025-05-12 21:06:55,705:INFO:Initializing create_model()
2025-05-12 21:06:55,705:INFO:create_model(self=<pycaret.regression.oop.RegressionExperiment object at 0x0000015564516D10>, estimator=llar, fold=KFold(n_splits=10, random_state=None, shuffle=False), round=4, cross_validation=True, predict=True, fit_kwargs={}, groups=None, refit=False, probability_threshold=None, experiment_custom_tags=None, verbose=False, system=False, add_to_model_list=True, metrics=None, display=<pycaret.internal.display.display.CommonDisplay object at 0x00000155641E6090>, model_only=True, return_train_score=False, error_score=0.0, kwargs={})
2025-05-12 21:06:55,705:INFO:Checking exceptions
2025-05-12 21:06:55,705:INFO:Importing libraries
2025-05-12 21:06:55,705:INFO:Copying training dataset
2025-05-12 21:06:55,706:INFO:Defining folds
2025-05-12 21:06:55,706:INFO:Declaring metric variables
2025-05-12 21:06:55,708:INFO:Importing untrained model
2025-05-12 21:06:55,709:INFO:Lasso Least Angle Regression Imported successfully
2025-05-12 21:06:55,713:INFO:Starting cross validation
2025-05-12 21:06:55,714:INFO:Cross validating with KFold(n_splits=10, random_state=None, shuffle=False), n_jobs=-1
2025-05-12 21:06:55,750:INFO:Calculating mean and std
2025-05-12 21:06:55,750:INFO:Creating metrics dataframe
2025-05-12 21:06:55,751:INFO:Uploading results into container
2025-05-12 21:06:55,751:INFO:Uploading model into container now
2025-05-12 21:06:55,752:INFO:_master_model_container: 6
2025-05-12 21:06:55,752:INFO:_display_container: 2
2025-05-12 21:06:55,752:INFO:LassoLars(random_state=123)
2025-05-12 21:06:55,752:INFO:create_model() successfully completed......................................
2025-05-12 21:06:55,838:INFO:SubProcess create_model() end ==================================
2025-05-12 21:06:55,838:INFO:Creating metrics dataframe
2025-05-12 21:06:55,841:INFO:Initializing Orthogonal Matching Pursuit
2025-05-12 21:06:55,842:INFO:Total runtime is 0.10431361595789593 minutes
2025-05-12 21:06:55,843:INFO:SubProcess create_model() called ==================================
2025-05-12 21:06:55,843:INFO:Initializing create_model()
2025-05-12 21:06:55,843:INFO:create_model(self=<pycaret.regression.oop.RegressionExperiment object at 0x0000015564516D10>, estimator=omp, fold=KFold(n_splits=10, random_state=None, shuffle=False), round=4, cross_validation=True, predict=True, fit_kwargs={}, groups=None, refit=False, probability_threshold=None, experiment_custom_tags=None, verbose=False, system=False, add_to_model_list=True, metrics=None, display=<pycaret.internal.display.display.CommonDisplay object at 0x00000155641E6090>, model_only=True, return_train_score=False, error_score=0.0, kwargs={})
2025-05-12 21:06:55,843:INFO:Checking exceptions
2025-05-12 21:06:55,843:INFO:Importing libraries
2025-05-12 21:06:55,843:INFO:Copying training dataset
2025-05-12 21:06:55,844:INFO:Defining folds
2025-05-12 21:06:55,844:INFO:Declaring metric variables
2025-05-12 21:06:55,846:INFO:Importing untrained model
2025-05-12 21:06:55,848:INFO:Orthogonal Matching Pursuit Imported successfully
2025-05-12 21:06:55,850:INFO:Starting cross validation
2025-05-12 21:06:55,851:INFO:Cross validating with KFold(n_splits=10, random_state=None, shuffle=False), n_jobs=-1
2025-05-12 21:06:55,886:INFO:Calculating mean and std
2025-05-12 21:06:55,886:INFO:Creating metrics dataframe
2025-05-12 21:06:55,887:INFO:Uploading results into container
2025-05-12 21:06:55,887:INFO:Uploading model into container now
2025-05-12 21:06:55,887:INFO:_master_model_container: 7
2025-05-12 21:06:55,887:INFO:_display_container: 2
2025-05-12 21:06:55,887:INFO:OrthogonalMatchingPursuit()
2025-05-12 21:06:55,887:INFO:create_model() successfully completed......................................
2025-05-12 21:06:55,974:INFO:SubProcess create_model() end ==================================
2025-05-12 21:06:55,974:INFO:Creating metrics dataframe
2025-05-12 21:06:55,978:INFO:Initializing Bayesian Ridge
2025-05-12 21:06:55,978:INFO:Total runtime is 0.10657875140508018 minutes
2025-05-12 21:06:55,979:INFO:SubProcess create_model() called ==================================
2025-05-12 21:06:55,979:INFO:Initializing create_model()
2025-05-12 21:06:55,979:INFO:create_model(self=<pycaret.regression.oop.RegressionExperiment object at 0x0000015564516D10>, estimator=br, fold=KFold(n_splits=10, random_state=None, shuffle=False), round=4, cross_validation=True, predict=True, fit_kwargs={}, groups=None, refit=False, probability_threshold=None, experiment_custom_tags=None, verbose=False, system=False, add_to_model_list=True, metrics=None, display=<pycaret.internal.display.display.CommonDisplay object at 0x00000155641E6090>, model_only=True, return_train_score=False, error_score=0.0, kwargs={})
2025-05-12 21:06:55,979:INFO:Checking exceptions
2025-05-12 21:06:55,980:INFO:Importing libraries
2025-05-12 21:06:55,980:INFO:Copying training dataset
2025-05-12 21:06:55,981:INFO:Defining folds
2025-05-12 21:06:55,981:INFO:Declaring metric variables
2025-05-12 21:06:55,983:INFO:Importing untrained model
2025-05-12 21:06:55,984:INFO:Bayesian Ridge Imported successfully
2025-05-12 21:06:55,986:INFO:Starting cross validation
2025-05-12 21:06:55,987:INFO:Cross validating with KFold(n_splits=10, random_state=None, shuffle=False), n_jobs=-1
2025-05-12 21:06:56,023:INFO:Calculating mean and std
2025-05-12 21:06:56,023:INFO:Creating metrics dataframe
2025-05-12 21:06:56,024:INFO:Uploading results into container
2025-05-12 21:06:56,025:INFO:Uploading model into container now
2025-05-12 21:06:56,025:INFO:_master_model_container: 8
2025-05-12 21:06:56,025:INFO:_display_container: 2
2025-05-12 21:06:56,025:INFO:BayesianRidge()
2025-05-12 21:06:56,025:INFO:create_model() successfully completed......................................
2025-05-12 21:06:56,111:INFO:SubProcess create_model() end ==================================
2025-05-12 21:06:56,111:INFO:Creating metrics dataframe
2025-05-12 21:06:56,114:INFO:Initializing Passive Aggressive Regressor
2025-05-12 21:06:56,115:INFO:Total runtime is 0.10886787176132204 minutes
2025-05-12 21:06:56,116:INFO:SubProcess create_model() called ==================================
2025-05-12 21:06:56,116:INFO:Initializing create_model()
2025-05-12 21:06:56,116:INFO:create_model(self=<pycaret.regression.oop.RegressionExperiment object at 0x0000015564516D10>, estimator=par, fold=KFold(n_splits=10, random_state=None, shuffle=False), round=4, cross_validation=True, predict=True, fit_kwargs={}, groups=None, refit=False, probability_threshold=None, experiment_custom_tags=None, verbose=False, system=False, add_to_model_list=True, metrics=None, display=<pycaret.internal.display.display.CommonDisplay object at 0x00000155641E6090>, model_only=True, return_train_score=False, error_score=0.0, kwargs={})
2025-05-12 21:06:56,116:INFO:Checking exceptions
2025-05-12 21:06:56,116:INFO:Importing libraries
2025-05-12 21:06:56,116:INFO:Copying training dataset
2025-05-12 21:06:56,119:INFO:Defining folds
2025-05-12 21:06:56,119:INFO:Declaring metric variables
2025-05-12 21:06:56,120:INFO:Importing untrained model
2025-05-12 21:06:56,121:INFO:Passive Aggressive Regressor Imported successfully
2025-05-12 21:06:56,124:INFO:Starting cross validation
2025-05-12 21:06:56,124:INFO:Cross validating with KFold(n_splits=10, random_state=None, shuffle=False), n_jobs=-1
2025-05-12 21:06:56,144:WARNING:c:\Users\Brangovich\AppData\Local\Programs\Python\Python311\Lib\site-packages\sklearn\linear_model\_stochastic_gradient.py:1575: ConvergenceWarning: Maximum number of iteration reached before convergence. Consider increasing max_iter to improve the fit.
  warnings.warn(

2025-05-12 21:06:56,145:WARNING:c:\Users\Brangovich\AppData\Local\Programs\Python\Python311\Lib\site-packages\sklearn\linear_model\_stochastic_gradient.py:1575: ConvergenceWarning: Maximum number of iteration reached before convergence. Consider increasing max_iter to improve the fit.
  warnings.warn(

2025-05-12 21:06:56,146:WARNING:c:\Users\Brangovich\AppData\Local\Programs\Python\Python311\Lib\site-packages\sklearn\linear_model\_stochastic_gradient.py:1575: ConvergenceWarning: Maximum number of iteration reached before convergence. Consider increasing max_iter to improve the fit.
  warnings.warn(

2025-05-12 21:06:56,146:WARNING:c:\Users\Brangovich\AppData\Local\Programs\Python\Python311\Lib\site-packages\sklearn\linear_model\_stochastic_gradient.py:1575: ConvergenceWarning: Maximum number of iteration reached before convergence. Consider increasing max_iter to improve the fit.
  warnings.warn(

2025-05-12 21:06:56,146:WARNING:c:\Users\Brangovich\AppData\Local\Programs\Python\Python311\Lib\site-packages\sklearn\linear_model\_stochastic_gradient.py:1575: ConvergenceWarning: Maximum number of iteration reached before convergence. Consider increasing max_iter to improve the fit.
  warnings.warn(

2025-05-12 21:06:56,148:WARNING:c:\Users\Brangovich\AppData\Local\Programs\Python\Python311\Lib\site-packages\sklearn\linear_model\_stochastic_gradient.py:1575: ConvergenceWarning: Maximum number of iteration reached before convergence. Consider increasing max_iter to improve the fit.
  warnings.warn(

2025-05-12 21:06:56,150:WARNING:c:\Users\Brangovich\AppData\Local\Programs\Python\Python311\Lib\site-packages\sklearn\linear_model\_stochastic_gradient.py:1575: ConvergenceWarning: Maximum number of iteration reached before convergence. Consider increasing max_iter to improve the fit.
  warnings.warn(

2025-05-12 21:06:56,154:WARNING:c:\Users\Brangovich\AppData\Local\Programs\Python\Python311\Lib\site-packages\sklearn\linear_model\_stochastic_gradient.py:1575: ConvergenceWarning: Maximum number of iteration reached before convergence. Consider increasing max_iter to improve the fit.
  warnings.warn(

2025-05-12 21:06:56,156:WARNING:c:\Users\Brangovich\AppData\Local\Programs\Python\Python311\Lib\site-packages\sklearn\linear_model\_stochastic_gradient.py:1575: ConvergenceWarning: Maximum number of iteration reached before convergence. Consider increasing max_iter to improve the fit.
  warnings.warn(

2025-05-12 21:06:56,170:INFO:Calculating mean and std
2025-05-12 21:06:56,170:INFO:Creating metrics dataframe
2025-05-12 21:06:56,171:INFO:Uploading results into container
2025-05-12 21:06:56,171:INFO:Uploading model into container now
2025-05-12 21:06:56,171:INFO:_master_model_container: 9
2025-05-12 21:06:56,171:INFO:_display_container: 2
2025-05-12 21:06:56,171:INFO:PassiveAggressiveRegressor(random_state=123)
2025-05-12 21:06:56,171:INFO:create_model() successfully completed......................................
2025-05-12 21:06:56,256:INFO:SubProcess create_model() end ==================================
2025-05-12 21:06:56,258:INFO:Creating metrics dataframe
2025-05-12 21:06:56,261:INFO:Initializing Huber Regressor
2025-05-12 21:06:56,261:INFO:Total runtime is 0.1112972696622213 minutes
2025-05-12 21:06:56,263:INFO:SubProcess create_model() called ==================================
2025-05-12 21:06:56,263:INFO:Initializing create_model()
2025-05-12 21:06:56,263:INFO:create_model(self=<pycaret.regression.oop.RegressionExperiment object at 0x0000015564516D10>, estimator=huber, fold=KFold(n_splits=10, random_state=None, shuffle=False), round=4, cross_validation=True, predict=True, fit_kwargs={}, groups=None, refit=False, probability_threshold=None, experiment_custom_tags=None, verbose=False, system=False, add_to_model_list=True, metrics=None, display=<pycaret.internal.display.display.CommonDisplay object at 0x00000155641E6090>, model_only=True, return_train_score=False, error_score=0.0, kwargs={})
2025-05-12 21:06:56,263:INFO:Checking exceptions
2025-05-12 21:06:56,263:INFO:Importing libraries
2025-05-12 21:06:56,263:INFO:Copying training dataset
2025-05-12 21:06:56,265:INFO:Defining folds
2025-05-12 21:06:56,265:INFO:Declaring metric variables
2025-05-12 21:06:56,268:INFO:Importing untrained model
2025-05-12 21:06:56,270:INFO:Huber Regressor Imported successfully
2025-05-12 21:06:56,273:INFO:Starting cross validation
2025-05-12 21:06:56,273:INFO:Cross validating with KFold(n_splits=10, random_state=None, shuffle=False), n_jobs=-1
2025-05-12 21:06:56,320:INFO:Calculating mean and std
2025-05-12 21:06:56,320:INFO:Creating metrics dataframe
2025-05-12 21:06:56,320:INFO:Uploading results into container
2025-05-12 21:06:56,321:INFO:Uploading model into container now
2025-05-12 21:06:56,321:INFO:_master_model_container: 10
2025-05-12 21:06:56,321:INFO:_display_container: 2
2025-05-12 21:06:56,321:INFO:HuberRegressor()
2025-05-12 21:06:56,321:INFO:create_model() successfully completed......................................
2025-05-12 21:06:56,407:INFO:SubProcess create_model() end ==================================
2025-05-12 21:06:56,407:INFO:Creating metrics dataframe
2025-05-12 21:06:56,411:INFO:Initializing K Neighbors Regressor
2025-05-12 21:06:56,411:INFO:Total runtime is 0.11380088726679487 minutes
2025-05-12 21:06:56,413:INFO:SubProcess create_model() called ==================================
2025-05-12 21:06:56,413:INFO:Initializing create_model()
2025-05-12 21:06:56,413:INFO:create_model(self=<pycaret.regression.oop.RegressionExperiment object at 0x0000015564516D10>, estimator=knn, fold=KFold(n_splits=10, random_state=None, shuffle=False), round=4, cross_validation=True, predict=True, fit_kwargs={}, groups=None, refit=False, probability_threshold=None, experiment_custom_tags=None, verbose=False, system=False, add_to_model_list=True, metrics=None, display=<pycaret.internal.display.display.CommonDisplay object at 0x00000155641E6090>, model_only=True, return_train_score=False, error_score=0.0, kwargs={})
2025-05-12 21:06:56,413:INFO:Checking exceptions
2025-05-12 21:06:56,413:INFO:Importing libraries
2025-05-12 21:06:56,413:INFO:Copying training dataset
2025-05-12 21:06:56,415:INFO:Defining folds
2025-05-12 21:06:56,415:INFO:Declaring metric variables
2025-05-12 21:06:56,417:INFO:Importing untrained model
2025-05-12 21:06:56,418:INFO:K Neighbors Regressor Imported successfully
2025-05-12 21:06:56,421:INFO:Starting cross validation
2025-05-12 21:06:56,422:INFO:Cross validating with KFold(n_splits=10, random_state=None, shuffle=False), n_jobs=-1
2025-05-12 21:06:56,488:INFO:Calculating mean and std
2025-05-12 21:06:56,488:INFO:Creating metrics dataframe
2025-05-12 21:06:56,489:INFO:Uploading results into container
2025-05-12 21:06:56,489:INFO:Uploading model into container now
2025-05-12 21:06:56,489:INFO:_master_model_container: 11
2025-05-12 21:06:56,489:INFO:_display_container: 2
2025-05-12 21:06:56,490:INFO:KNeighborsRegressor(n_jobs=-1)
2025-05-12 21:06:56,490:INFO:create_model() successfully completed......................................
2025-05-12 21:06:56,578:INFO:SubProcess create_model() end ==================================
2025-05-12 21:06:56,578:INFO:Creating metrics dataframe
2025-05-12 21:06:56,582:INFO:Initializing Decision Tree Regressor
2025-05-12 21:06:56,582:INFO:Total runtime is 0.11664351622263593 minutes
2025-05-12 21:06:56,583:INFO:SubProcess create_model() called ==================================
2025-05-12 21:06:56,583:INFO:Initializing create_model()
2025-05-12 21:06:56,583:INFO:create_model(self=<pycaret.regression.oop.RegressionExperiment object at 0x0000015564516D10>, estimator=dt, fold=KFold(n_splits=10, random_state=None, shuffle=False), round=4, cross_validation=True, predict=True, fit_kwargs={}, groups=None, refit=False, probability_threshold=None, experiment_custom_tags=None, verbose=False, system=False, add_to_model_list=True, metrics=None, display=<pycaret.internal.display.display.CommonDisplay object at 0x00000155641E6090>, model_only=True, return_train_score=False, error_score=0.0, kwargs={})
2025-05-12 21:06:56,583:INFO:Checking exceptions
2025-05-12 21:06:56,583:INFO:Importing libraries
2025-05-12 21:06:56,583:INFO:Copying training dataset
2025-05-12 21:06:56,585:INFO:Defining folds
2025-05-12 21:06:56,585:INFO:Declaring metric variables
2025-05-12 21:06:56,586:INFO:Importing untrained model
2025-05-12 21:06:56,589:INFO:Decision Tree Regressor Imported successfully
2025-05-12 21:06:56,591:INFO:Starting cross validation
2025-05-12 21:06:56,592:INFO:Cross validating with KFold(n_splits=10, random_state=None, shuffle=False), n_jobs=-1
2025-05-12 21:06:56,638:INFO:Calculating mean and std
2025-05-12 21:06:56,638:INFO:Creating metrics dataframe
2025-05-12 21:06:56,639:INFO:Uploading results into container
2025-05-12 21:06:56,639:INFO:Uploading model into container now
2025-05-12 21:06:56,639:INFO:_master_model_container: 12
2025-05-12 21:06:56,639:INFO:_display_container: 2
2025-05-12 21:06:56,640:INFO:DecisionTreeRegressor(random_state=123)
2025-05-12 21:06:56,640:INFO:create_model() successfully completed......................................
2025-05-12 21:06:56,725:INFO:SubProcess create_model() end ==================================
2025-05-12 21:06:56,725:INFO:Creating metrics dataframe
2025-05-12 21:06:56,729:INFO:Initializing Random Forest Regressor
2025-05-12 21:06:56,730:INFO:Total runtime is 0.11911612749099734 minutes
2025-05-12 21:06:56,731:INFO:SubProcess create_model() called ==================================
2025-05-12 21:06:56,732:INFO:Initializing create_model()
2025-05-12 21:06:56,732:INFO:create_model(self=<pycaret.regression.oop.RegressionExperiment object at 0x0000015564516D10>, estimator=rf, fold=KFold(n_splits=10, random_state=None, shuffle=False), round=4, cross_validation=True, predict=True, fit_kwargs={}, groups=None, refit=False, probability_threshold=None, experiment_custom_tags=None, verbose=False, system=False, add_to_model_list=True, metrics=None, display=<pycaret.internal.display.display.CommonDisplay object at 0x00000155641E6090>, model_only=True, return_train_score=False, error_score=0.0, kwargs={})
2025-05-12 21:06:56,732:INFO:Checking exceptions
2025-05-12 21:06:56,732:INFO:Importing libraries
2025-05-12 21:06:56,732:INFO:Copying training dataset
2025-05-12 21:06:56,734:INFO:Defining folds
2025-05-12 21:06:56,734:INFO:Declaring metric variables
2025-05-12 21:06:56,735:INFO:Importing untrained model
2025-05-12 21:06:56,737:INFO:Random Forest Regressor Imported successfully
2025-05-12 21:06:56,739:INFO:Starting cross validation
2025-05-12 21:06:56,740:INFO:Cross validating with KFold(n_splits=10, random_state=None, shuffle=False), n_jobs=-1
2025-05-12 21:06:56,868:INFO:Calculating mean and std
2025-05-12 21:06:56,868:INFO:Creating metrics dataframe
2025-05-12 21:06:56,869:INFO:Uploading results into container
2025-05-12 21:06:56,870:INFO:Uploading model into container now
2025-05-12 21:06:56,870:INFO:_master_model_container: 13
2025-05-12 21:06:56,870:INFO:_display_container: 2
2025-05-12 21:06:56,870:INFO:RandomForestRegressor(n_jobs=-1, random_state=123)
2025-05-12 21:06:56,870:INFO:create_model() successfully completed......................................
2025-05-12 21:06:56,959:INFO:SubProcess create_model() end ==================================
2025-05-12 21:06:56,959:INFO:Creating metrics dataframe
2025-05-12 21:06:56,963:INFO:Initializing Extra Trees Regressor
2025-05-12 21:06:56,963:INFO:Total runtime is 0.12300379673639936 minutes
2025-05-12 21:06:56,965:INFO:SubProcess create_model() called ==================================
2025-05-12 21:06:56,965:INFO:Initializing create_model()
2025-05-12 21:06:56,965:INFO:create_model(self=<pycaret.regression.oop.RegressionExperiment object at 0x0000015564516D10>, estimator=et, fold=KFold(n_splits=10, random_state=None, shuffle=False), round=4, cross_validation=True, predict=True, fit_kwargs={}, groups=None, refit=False, probability_threshold=None, experiment_custom_tags=None, verbose=False, system=False, add_to_model_list=True, metrics=None, display=<pycaret.internal.display.display.CommonDisplay object at 0x00000155641E6090>, model_only=True, return_train_score=False, error_score=0.0, kwargs={})
2025-05-12 21:06:56,965:INFO:Checking exceptions
2025-05-12 21:06:56,965:INFO:Importing libraries
2025-05-12 21:06:56,965:INFO:Copying training dataset
2025-05-12 21:06:56,966:INFO:Defining folds
2025-05-12 21:06:56,966:INFO:Declaring metric variables
2025-05-12 21:06:56,968:INFO:Importing untrained model
2025-05-12 21:06:56,969:INFO:Extra Trees Regressor Imported successfully
2025-05-12 21:06:56,972:INFO:Starting cross validation
2025-05-12 21:06:56,972:INFO:Cross validating with KFold(n_splits=10, random_state=None, shuffle=False), n_jobs=-1
2025-05-12 21:06:57,079:INFO:Calculating mean and std
2025-05-12 21:06:57,080:INFO:Creating metrics dataframe
2025-05-12 21:06:57,081:INFO:Uploading results into container
2025-05-12 21:06:57,081:INFO:Uploading model into container now
2025-05-12 21:06:57,081:INFO:_master_model_container: 14
2025-05-12 21:06:57,081:INFO:_display_container: 2
2025-05-12 21:06:57,081:INFO:ExtraTreesRegressor(n_jobs=-1, random_state=123)
2025-05-12 21:06:57,081:INFO:create_model() successfully completed......................................
2025-05-12 21:06:57,169:INFO:SubProcess create_model() end ==================================
2025-05-12 21:06:57,169:INFO:Creating metrics dataframe
2025-05-12 21:06:57,174:INFO:Initializing AdaBoost Regressor
2025-05-12 21:06:57,174:INFO:Total runtime is 0.12650955518086754 minutes
2025-05-12 21:06:57,176:INFO:SubProcess create_model() called ==================================
2025-05-12 21:06:57,176:INFO:Initializing create_model()
2025-05-12 21:06:57,176:INFO:create_model(self=<pycaret.regression.oop.RegressionExperiment object at 0x0000015564516D10>, estimator=ada, fold=KFold(n_splits=10, random_state=None, shuffle=False), round=4, cross_validation=True, predict=True, fit_kwargs={}, groups=None, refit=False, probability_threshold=None, experiment_custom_tags=None, verbose=False, system=False, add_to_model_list=True, metrics=None, display=<pycaret.internal.display.display.CommonDisplay object at 0x00000155641E6090>, model_only=True, return_train_score=False, error_score=0.0, kwargs={})
2025-05-12 21:06:57,176:INFO:Checking exceptions
2025-05-12 21:06:57,176:INFO:Importing libraries
2025-05-12 21:06:57,176:INFO:Copying training dataset
2025-05-12 21:06:57,177:INFO:Defining folds
2025-05-12 21:06:57,177:INFO:Declaring metric variables
2025-05-12 21:06:57,177:INFO:Importing untrained model
2025-05-12 21:06:57,179:INFO:AdaBoost Regressor Imported successfully
2025-05-12 21:06:57,181:INFO:Starting cross validation
2025-05-12 21:06:57,183:INFO:Cross validating with KFold(n_splits=10, random_state=None, shuffle=False), n_jobs=-1
2025-05-12 21:06:57,238:INFO:Calculating mean and std
2025-05-12 21:06:57,238:INFO:Creating metrics dataframe
2025-05-12 21:06:57,240:INFO:Uploading results into container
2025-05-12 21:06:57,240:INFO:Uploading model into container now
2025-05-12 21:06:57,240:INFO:_master_model_container: 15
2025-05-12 21:06:57,240:INFO:_display_container: 2
2025-05-12 21:06:57,240:INFO:AdaBoostRegressor(random_state=123)
2025-05-12 21:06:57,240:INFO:create_model() successfully completed......................................
2025-05-12 21:06:57,309:INFO:SubProcess create_model() end ==================================
2025-05-12 21:06:57,309:INFO:Creating metrics dataframe
2025-05-12 21:06:57,314:INFO:Initializing Gradient Boosting Regressor
2025-05-12 21:06:57,314:INFO:Total runtime is 0.12885213692982994 minutes
2025-05-12 21:06:57,315:INFO:SubProcess create_model() called ==================================
2025-05-12 21:06:57,316:INFO:Initializing create_model()
2025-05-12 21:06:57,316:INFO:create_model(self=<pycaret.regression.oop.RegressionExperiment object at 0x0000015564516D10>, estimator=gbr, fold=KFold(n_splits=10, random_state=None, shuffle=False), round=4, cross_validation=True, predict=True, fit_kwargs={}, groups=None, refit=False, probability_threshold=None, experiment_custom_tags=None, verbose=False, system=False, add_to_model_list=True, metrics=None, display=<pycaret.internal.display.display.CommonDisplay object at 0x00000155641E6090>, model_only=True, return_train_score=False, error_score=0.0, kwargs={})
2025-05-12 21:06:57,316:INFO:Checking exceptions
2025-05-12 21:06:57,316:INFO:Importing libraries
2025-05-12 21:06:57,316:INFO:Copying training dataset
2025-05-12 21:06:57,316:INFO:Defining folds
2025-05-12 21:06:57,316:INFO:Declaring metric variables
2025-05-12 21:06:57,319:INFO:Importing untrained model
2025-05-12 21:06:57,320:INFO:Gradient Boosting Regressor Imported successfully
2025-05-12 21:06:57,322:INFO:Starting cross validation
2025-05-12 21:06:57,323:INFO:Cross validating with KFold(n_splits=10, random_state=None, shuffle=False), n_jobs=-1
2025-05-12 21:06:57,379:INFO:Calculating mean and std
2025-05-12 21:06:57,379:INFO:Creating metrics dataframe
2025-05-12 21:06:57,380:INFO:Uploading results into container
2025-05-12 21:06:57,381:INFO:Uploading model into container now
2025-05-12 21:06:57,381:INFO:_master_model_container: 16
2025-05-12 21:06:57,381:INFO:_display_container: 2
2025-05-12 21:06:57,381:INFO:GradientBoostingRegressor(random_state=123)
2025-05-12 21:06:57,381:INFO:create_model() successfully completed......................................
2025-05-12 21:06:57,467:INFO:SubProcess create_model() end ==================================
2025-05-12 21:06:57,467:INFO:Creating metrics dataframe
2025-05-12 21:06:57,471:INFO:Initializing Light Gradient Boosting Machine
2025-05-12 21:06:57,471:INFO:Total runtime is 0.13146634499231977 minutes
2025-05-12 21:06:57,473:INFO:SubProcess create_model() called ==================================
2025-05-12 21:06:57,473:INFO:Initializing create_model()
2025-05-12 21:06:57,473:INFO:create_model(self=<pycaret.regression.oop.RegressionExperiment object at 0x0000015564516D10>, estimator=lightgbm, fold=KFold(n_splits=10, random_state=None, shuffle=False), round=4, cross_validation=True, predict=True, fit_kwargs={}, groups=None, refit=False, probability_threshold=None, experiment_custom_tags=None, verbose=False, system=False, add_to_model_list=True, metrics=None, display=<pycaret.internal.display.display.CommonDisplay object at 0x00000155641E6090>, model_only=True, return_train_score=False, error_score=0.0, kwargs={})
2025-05-12 21:06:57,473:INFO:Checking exceptions
2025-05-12 21:06:57,473:INFO:Importing libraries
2025-05-12 21:06:57,473:INFO:Copying training dataset
2025-05-12 21:06:57,474:INFO:Defining folds
2025-05-12 21:06:57,474:INFO:Declaring metric variables
2025-05-12 21:06:57,476:INFO:Importing untrained model
2025-05-12 21:06:57,478:INFO:Light Gradient Boosting Machine Imported successfully
2025-05-12 21:06:57,480:INFO:Starting cross validation
2025-05-12 21:06:57,481:INFO:Cross validating with KFold(n_splits=10, random_state=None, shuffle=False), n_jobs=-1
2025-05-12 21:06:57,599:INFO:Calculating mean and std
2025-05-12 21:06:57,600:INFO:Creating metrics dataframe
2025-05-12 21:06:57,601:INFO:Uploading results into container
2025-05-12 21:06:57,602:INFO:Uploading model into container now
2025-05-12 21:06:57,602:INFO:_master_model_container: 17
2025-05-12 21:06:57,602:INFO:_display_container: 2
2025-05-12 21:06:57,603:INFO:LGBMRegressor(n_jobs=-1, random_state=123)
2025-05-12 21:06:57,603:INFO:create_model() successfully completed......................................
2025-05-12 21:06:57,666:INFO:SubProcess create_model() end ==================================
2025-05-12 21:06:57,666:INFO:Creating metrics dataframe
2025-05-12 21:06:57,674:INFO:Initializing Dummy Regressor
2025-05-12 21:06:57,674:INFO:Total runtime is 0.13484801451365155 minutes
2025-05-12 21:06:57,675:INFO:SubProcess create_model() called ==================================
2025-05-12 21:06:57,676:INFO:Initializing create_model()
2025-05-12 21:06:57,676:INFO:create_model(self=<pycaret.regression.oop.RegressionExperiment object at 0x0000015564516D10>, estimator=dummy, fold=KFold(n_splits=10, random_state=None, shuffle=False), round=4, cross_validation=True, predict=True, fit_kwargs={}, groups=None, refit=False, probability_threshold=None, experiment_custom_tags=None, verbose=False, system=False, add_to_model_list=True, metrics=None, display=<pycaret.internal.display.display.CommonDisplay object at 0x00000155641E6090>, model_only=True, return_train_score=False, error_score=0.0, kwargs={})
2025-05-12 21:06:57,676:INFO:Checking exceptions
2025-05-12 21:06:57,676:INFO:Importing libraries
2025-05-12 21:06:57,676:INFO:Copying training dataset
2025-05-12 21:06:57,678:INFO:Defining folds
2025-05-12 21:06:57,678:INFO:Declaring metric variables
2025-05-12 21:06:57,680:INFO:Importing untrained model
2025-05-12 21:06:57,682:INFO:Dummy Regressor Imported successfully
2025-05-12 21:06:57,684:INFO:Starting cross validation
2025-05-12 21:06:57,685:INFO:Cross validating with KFold(n_splits=10, random_state=None, shuffle=False), n_jobs=-1
2025-05-12 21:06:57,728:INFO:Calculating mean and std
2025-05-12 21:06:57,729:INFO:Creating metrics dataframe
2025-05-12 21:06:57,730:INFO:Uploading results into container
2025-05-12 21:06:57,730:INFO:Uploading model into container now
2025-05-12 21:06:57,730:INFO:_master_model_container: 18
2025-05-12 21:06:57,730:INFO:_display_container: 2
2025-05-12 21:06:57,731:INFO:DummyRegressor()
2025-05-12 21:06:57,731:INFO:create_model() successfully completed......................................
2025-05-12 21:06:57,815:INFO:SubProcess create_model() end ==================================
2025-05-12 21:06:57,816:INFO:Creating metrics dataframe
2025-05-12 21:06:57,822:WARNING:c:\Users\Brangovich\AppData\Local\Programs\Python\Python311\Lib\site-packages\pycaret\internal\pycaret_experiment\supervised_experiment.py:339: FutureWarning: Styler.applymap has been deprecated. Use Styler.map instead.
  .applymap(highlight_cols, subset=["TT (Sec)"])

2025-05-12 21:06:57,826:INFO:Initializing create_model()
2025-05-12 21:06:57,826:INFO:create_model(self=<pycaret.regression.oop.RegressionExperiment object at 0x0000015564516D10>, estimator=LinearRegression(n_jobs=-1), fold=KFold(n_splits=10, random_state=None, shuffle=False), round=4, cross_validation=False, predict=False, fit_kwargs={}, groups=None, refit=True, probability_threshold=None, experiment_custom_tags=None, verbose=False, system=False, add_to_model_list=True, metrics=None, display=None, model_only=True, return_train_score=False, error_score=0.0, kwargs={})
2025-05-12 21:06:57,826:INFO:Checking exceptions
2025-05-12 21:06:57,827:INFO:Importing libraries
2025-05-12 21:06:57,827:INFO:Copying training dataset
2025-05-12 21:06:57,828:INFO:Defining folds
2025-05-12 21:06:57,828:INFO:Declaring metric variables
2025-05-12 21:06:57,828:INFO:Importing untrained model
2025-05-12 21:06:57,828:INFO:Declaring custom model
2025-05-12 21:06:57,828:INFO:Linear Regression Imported successfully
2025-05-12 21:06:57,829:INFO:Cross validation set to False
2025-05-12 21:06:57,829:INFO:Fitting Model
2025-05-12 21:06:57,839:INFO:LinearRegression(n_jobs=-1)
2025-05-12 21:06:57,839:INFO:create_model() successfully completed......................................
2025-05-12 21:06:57,941:INFO:_master_model_container: 18
2025-05-12 21:06:57,941:INFO:_display_container: 2
2025-05-12 21:06:57,941:INFO:LinearRegression(n_jobs=-1)
2025-05-12 21:06:57,941:INFO:compare_models() successfully completed......................................
2025-05-12 21:20:22,615:INFO:Initializing create_model()
2025-05-12 21:20:22,616:INFO:create_model(self=<pycaret.regression.oop.RegressionExperiment object at 0x0000015564516D10>, estimator=lr, fold=None, round=4, cross_validation=True, predict=True, fit_kwargs=None, groups=None, refit=True, probability_threshold=None, experiment_custom_tags=None, verbose=True, system=True, add_to_model_list=True, metrics=None, display=None, model_only=True, return_train_score=False, error_score=0.0, kwargs={})
2025-05-12 21:20:22,616:INFO:Checking exceptions
2025-05-12 21:20:22,623:INFO:Importing libraries
2025-05-12 21:20:22,624:INFO:Copying training dataset
2025-05-12 21:20:22,626:INFO:Defining folds
2025-05-12 21:20:22,626:INFO:Declaring metric variables
2025-05-12 21:20:22,628:INFO:Importing untrained model
2025-05-12 21:20:22,630:INFO:Linear Regression Imported successfully
2025-05-12 21:20:22,634:INFO:Starting cross validation
2025-05-12 21:20:22,634:INFO:Cross validating with KFold(n_splits=10, random_state=None, shuffle=False), n_jobs=-1
2025-05-12 21:20:24,415:INFO:Calculating mean and std
2025-05-12 21:20:24,417:INFO:Creating metrics dataframe
2025-05-12 21:20:24,420:INFO:Finalizing model
2025-05-12 21:20:24,441:INFO:Uploading results into container
2025-05-12 21:20:24,442:INFO:Uploading model into container now
2025-05-12 21:20:24,448:INFO:_master_model_container: 19
2025-05-12 21:20:24,448:INFO:_display_container: 3
2025-05-12 21:20:24,449:INFO:LinearRegression(n_jobs=-1)
2025-05-12 21:20:24,449:INFO:create_model() successfully completed......................................
2025-05-12 21:39:29,177:INFO:Initializing tune_model()
2025-05-12 21:39:29,177:INFO:tune_model(self=<pycaret.regression.oop.RegressionExperiment object at 0x0000015564516D10>, estimator=LinearRegression(n_jobs=-1), fold=None, round=4, n_iter=10, custom_grid=None, optimize=R2, custom_scorer=None, search_library=scikit-learn, search_algorithm=None, early_stopping=False, early_stopping_max_iters=10, choose_better=True, fit_kwargs=None, groups=None, return_tuner=False, verbose=True, tuner_verbose=True, return_train_score=False, kwargs={})
2025-05-12 21:39:29,177:INFO:Checking exceptions
2025-05-12 21:39:29,183:INFO:Copying training dataset
2025-05-12 21:39:29,185:INFO:Checking base model
2025-05-12 21:39:29,185:INFO:Base model : Linear Regression
2025-05-12 21:39:29,186:INFO:Declaring metric variables
2025-05-12 21:39:29,188:INFO:Defining Hyperparameters
2025-05-12 21:39:29,188:INFO:10 is bigger than total combinations 2, setting search algorithm to grid
2025-05-12 21:39:29,277:INFO:Tuning with n_jobs=-1
2025-05-12 21:39:29,277:INFO:Initializing GridSearchCV
2025-05-12 21:39:31,454:INFO:best_params: {'actual_estimator__fit_intercept': True}
2025-05-12 21:39:31,455:INFO:Hyperparameter search completed
2025-05-12 21:39:31,455:INFO:SubProcess create_model() called ==================================
2025-05-12 21:39:31,456:INFO:Initializing create_model()
2025-05-12 21:39:31,456:INFO:create_model(self=<pycaret.regression.oop.RegressionExperiment object at 0x0000015564516D10>, estimator=LinearRegression(n_jobs=-1), fold=KFold(n_splits=10, random_state=None, shuffle=False), round=4, cross_validation=True, predict=True, fit_kwargs={}, groups=None, refit=True, probability_threshold=None, experiment_custom_tags=None, verbose=True, system=False, add_to_model_list=True, metrics=None, display=<pycaret.internal.display.display.CommonDisplay object at 0x0000015564A43B90>, model_only=True, return_train_score=False, error_score=0.0, kwargs={'fit_intercept': True})
2025-05-12 21:39:31,456:INFO:Checking exceptions
2025-05-12 21:39:31,456:INFO:Importing libraries
2025-05-12 21:39:31,456:INFO:Copying training dataset
2025-05-12 21:39:31,458:INFO:Defining folds
2025-05-12 21:39:31,458:INFO:Declaring metric variables
2025-05-12 21:39:31,460:INFO:Importing untrained model
2025-05-12 21:39:31,460:INFO:Declaring custom model
2025-05-12 21:39:31,462:INFO:Linear Regression Imported successfully
2025-05-12 21:39:31,466:INFO:Starting cross validation
2025-05-12 21:39:31,467:INFO:Cross validating with KFold(n_splits=10, random_state=None, shuffle=False), n_jobs=-1
2025-05-12 21:39:32,836:INFO:Calculating mean and std
2025-05-12 21:39:32,837:INFO:Creating metrics dataframe
2025-05-12 21:39:32,841:INFO:Finalizing model
2025-05-12 21:39:32,856:INFO:Uploading results into container
2025-05-12 21:39:32,857:INFO:Uploading model into container now
2025-05-12 21:39:32,857:INFO:_master_model_container: 20
2025-05-12 21:39:32,857:INFO:_display_container: 4
2025-05-12 21:39:32,857:INFO:LinearRegression(n_jobs=-1)
2025-05-12 21:39:32,857:INFO:create_model() successfully completed......................................
2025-05-12 21:39:32,943:INFO:SubProcess create_model() end ==================================
2025-05-12 21:39:32,943:INFO:choose_better activated
2025-05-12 21:39:32,946:INFO:SubProcess create_model() called ==================================
2025-05-12 21:39:32,946:INFO:Initializing create_model()
2025-05-12 21:39:32,946:INFO:create_model(self=<pycaret.regression.oop.RegressionExperiment object at 0x0000015564516D10>, estimator=LinearRegression(n_jobs=-1), fold=KFold(n_splits=10, random_state=None, shuffle=False), round=4, cross_validation=True, predict=True, fit_kwargs={}, groups=None, refit=True, probability_threshold=None, experiment_custom_tags=None, verbose=False, system=False, add_to_model_list=True, metrics=None, display=None, model_only=True, return_train_score=False, error_score=0.0, kwargs={})
2025-05-12 21:39:32,946:INFO:Checking exceptions
2025-05-12 21:39:32,947:INFO:Importing libraries
2025-05-12 21:39:32,947:INFO:Copying training dataset
2025-05-12 21:39:32,948:INFO:Defining folds
2025-05-12 21:39:32,948:INFO:Declaring metric variables
2025-05-12 21:39:32,948:INFO:Importing untrained model
2025-05-12 21:39:32,948:INFO:Declaring custom model
2025-05-12 21:39:32,948:INFO:Linear Regression Imported successfully
2025-05-12 21:39:32,948:INFO:Starting cross validation
2025-05-12 21:39:32,949:INFO:Cross validating with KFold(n_splits=10, random_state=None, shuffle=False), n_jobs=-1
2025-05-12 21:39:34,073:INFO:Calculating mean and std
2025-05-12 21:39:34,074:INFO:Creating metrics dataframe
2025-05-12 21:39:34,075:INFO:Finalizing model
2025-05-12 21:39:34,085:INFO:Uploading results into container
2025-05-12 21:39:34,086:INFO:Uploading model into container now
2025-05-12 21:39:34,086:INFO:_master_model_container: 21
2025-05-12 21:39:34,086:INFO:_display_container: 5
2025-05-12 21:39:34,086:INFO:LinearRegression(n_jobs=-1)
2025-05-12 21:39:34,086:INFO:create_model() successfully completed......................................
2025-05-12 21:39:34,176:INFO:SubProcess create_model() end ==================================
2025-05-12 21:39:34,176:INFO:LinearRegression(n_jobs=-1) result for R2 is 0.9592
2025-05-12 21:39:34,176:INFO:LinearRegression(n_jobs=-1) result for R2 is 0.9592
2025-05-12 21:39:34,177:INFO:LinearRegression(n_jobs=-1) is best model
2025-05-12 21:39:34,177:INFO:choose_better completed
2025-05-12 21:39:34,177:INFO:Original model was better than the tuned model, hence it will be returned. NOTE: The display metrics are for the tuned model (not the original one).
2025-05-12 21:39:34,182:INFO:_master_model_container: 21
2025-05-12 21:39:34,182:INFO:_display_container: 4
2025-05-12 21:39:34,182:INFO:LinearRegression(n_jobs=-1)
2025-05-12 21:39:34,182:INFO:tune_model() successfully completed......................................
2025-05-12 21:40:46,310:INFO:Initializing evaluate_model()
2025-05-12 21:40:46,310:INFO:evaluate_model(self=<pycaret.regression.oop.RegressionExperiment object at 0x0000015564516D10>, estimator=LinearRegression(n_jobs=-1), fold=None, fit_kwargs=None, plot_kwargs=None, feature_name=None, groups=None)
2025-05-12 21:40:46,315:INFO:Initializing plot_model()
2025-05-12 21:40:46,315:INFO:plot_model(self=<pycaret.regression.oop.RegressionExperiment object at 0x0000015564516D10>, estimator=LinearRegression(n_jobs=-1), plot=pipeline, scale=1, save=False, fold=KFold(n_splits=10, random_state=None, shuffle=False), fit_kwargs={}, plot_kwargs=None, groups=None, feature_name=None, label=False, verbose=False, system=True, display=None, display_format=None)
2025-05-12 21:40:46,315:INFO:Checking exceptions
2025-05-12 21:40:46,315:INFO:Preloading libraries
2025-05-12 21:40:46,315:INFO:Copying training dataset
2025-05-12 21:40:46,315:INFO:Plot type: pipeline
2025-05-12 21:40:47,337:INFO:Visual Rendered Successfully
2025-05-12 21:40:47,430:INFO:plot_model() successfully completed......................................
2025-05-12 21:41:09,038:INFO:Initializing plot_model()
2025-05-12 21:41:09,038:INFO:plot_model(self=<pycaret.regression.oop.RegressionExperiment object at 0x0000015564516D10>, estimator=LinearRegression(n_jobs=-1), plot=parameter, scale=1, save=False, fold=KFold(n_splits=10, random_state=None, shuffle=False), fit_kwargs={}, plot_kwargs=None, groups=None, feature_name=None, label=False, verbose=False, system=True, display=None, display_format=None)
2025-05-12 21:41:09,038:INFO:Checking exceptions
2025-05-12 21:41:09,039:INFO:Preloading libraries
2025-05-12 21:41:09,039:INFO:Copying training dataset
2025-05-12 21:41:09,039:INFO:Plot type: parameter
2025-05-12 21:41:09,041:INFO:Visual Rendered Successfully
2025-05-12 21:41:09,131:INFO:plot_model() successfully completed......................................
2025-05-12 21:41:11,329:INFO:Initializing plot_model()
2025-05-12 21:41:11,329:INFO:plot_model(self=<pycaret.regression.oop.RegressionExperiment object at 0x0000015564516D10>, estimator=LinearRegression(n_jobs=-1), plot=residuals, scale=1, save=False, fold=KFold(n_splits=10, random_state=None, shuffle=False), fit_kwargs={}, plot_kwargs=None, groups=None, feature_name=None, label=False, verbose=False, system=True, display=None, display_format=None)
2025-05-12 21:41:11,329:INFO:Checking exceptions
2025-05-12 21:41:11,330:INFO:Preloading libraries
2025-05-12 21:41:11,330:INFO:Copying training dataset
2025-05-12 21:41:11,330:INFO:Plot type: residuals
2025-05-12 21:41:11,394:INFO:Fitting Model
2025-05-12 21:41:11,395:WARNING:c:\Users\Brangovich\AppData\Local\Programs\Python\Python311\Lib\site-packages\sklearn\base.py:493: UserWarning: X does not have valid feature names, but LinearRegression was fitted with feature names
  warnings.warn(

2025-05-12 21:41:11,406:INFO:Scoring test/hold-out set
2025-05-12 21:41:11,561:INFO:Visual Rendered Successfully
2025-05-12 21:41:11,656:INFO:plot_model() successfully completed......................................
2025-05-12 21:41:22,374:INFO:Initializing plot_model()
2025-05-12 21:41:22,374:INFO:plot_model(self=<pycaret.regression.oop.RegressionExperiment object at 0x0000015564516D10>, estimator=LinearRegression(n_jobs=-1), plot=error, scale=1, save=False, fold=KFold(n_splits=10, random_state=None, shuffle=False), fit_kwargs={}, plot_kwargs=None, groups=None, feature_name=None, label=False, verbose=False, system=True, display=None, display_format=None)
2025-05-12 21:41:22,375:INFO:Checking exceptions
2025-05-12 21:41:22,375:INFO:Preloading libraries
2025-05-12 21:41:22,375:INFO:Copying training dataset
2025-05-12 21:41:22,375:INFO:Plot type: error
2025-05-12 21:41:22,425:INFO:Fitting Model
2025-05-12 21:41:22,425:WARNING:c:\Users\Brangovich\AppData\Local\Programs\Python\Python311\Lib\site-packages\sklearn\base.py:493: UserWarning: X does not have valid feature names, but LinearRegression was fitted with feature names
  warnings.warn(

2025-05-12 21:41:22,425:INFO:Scoring test/hold-out set
2025-05-12 21:41:22,498:INFO:Visual Rendered Successfully
2025-05-12 21:41:22,595:INFO:plot_model() successfully completed......................................
2025-05-12 21:41:26,651:INFO:Initializing plot_model()
2025-05-12 21:41:26,651:INFO:plot_model(self=<pycaret.regression.oop.RegressionExperiment object at 0x0000015564516D10>, estimator=LinearRegression(n_jobs=-1), plot=cooks, scale=1, save=False, fold=KFold(n_splits=10, random_state=None, shuffle=False), fit_kwargs={}, plot_kwargs=None, groups=None, feature_name=None, label=False, verbose=False, system=True, display=None, display_format=None)
2025-05-12 21:41:26,651:INFO:Checking exceptions
2025-05-12 21:41:26,652:INFO:Preloading libraries
2025-05-12 21:41:26,652:INFO:Copying training dataset
2025-05-12 21:41:26,652:INFO:Plot type: cooks
2025-05-12 21:41:26,707:INFO:Fitting Model
2025-05-12 21:41:26,773:INFO:Visual Rendered Successfully
2025-05-12 21:41:26,870:INFO:plot_model() successfully completed......................................
2025-05-12 21:41:35,733:INFO:Initializing plot_model()
2025-05-12 21:41:35,733:INFO:plot_model(self=<pycaret.regression.oop.RegressionExperiment object at 0x0000015564516D10>, estimator=LinearRegression(n_jobs=-1), plot=rfe, scale=1, save=False, fold=KFold(n_splits=10, random_state=None, shuffle=False), fit_kwargs={}, plot_kwargs=None, groups=None, feature_name=None, label=False, verbose=False, system=True, display=None, display_format=None)
2025-05-12 21:41:35,733:INFO:Checking exceptions
2025-05-12 21:41:35,734:INFO:Preloading libraries
2025-05-12 21:41:35,734:INFO:Copying training dataset
2025-05-12 21:41:35,734:INFO:Plot type: rfe
2025-05-12 21:41:35,789:INFO:Fitting Model
2025-05-12 21:41:35,970:INFO:Visual Rendered Successfully
2025-05-12 21:41:36,065:INFO:plot_model() successfully completed......................................
2025-05-12 21:41:44,210:INFO:Initializing plot_model()
2025-05-12 21:41:44,210:INFO:plot_model(self=<pycaret.regression.oop.RegressionExperiment object at 0x0000015564516D10>, estimator=LinearRegression(n_jobs=-1), plot=learning, scale=1, save=False, fold=KFold(n_splits=10, random_state=None, shuffle=False), fit_kwargs={}, plot_kwargs=None, groups=None, feature_name=None, label=False, verbose=False, system=True, display=None, display_format=None)
2025-05-12 21:41:44,212:INFO:Checking exceptions
2025-05-12 21:41:44,212:INFO:Preloading libraries
2025-05-12 21:41:44,212:INFO:Copying training dataset
2025-05-12 21:41:44,212:INFO:Plot type: learning
2025-05-12 21:41:44,261:INFO:Fitting Model
2025-05-12 21:41:44,375:INFO:Visual Rendered Successfully
2025-05-12 21:41:44,467:INFO:plot_model() successfully completed......................................
2025-05-12 21:41:55,695:INFO:Initializing plot_model()
2025-05-12 21:41:55,696:INFO:plot_model(self=<pycaret.regression.oop.RegressionExperiment object at 0x0000015564516D10>, estimator=LinearRegression(n_jobs=-1), plot=manifold, scale=1, save=False, fold=KFold(n_splits=10, random_state=None, shuffle=False), fit_kwargs={}, plot_kwargs=None, groups=None, feature_name=None, label=False, verbose=False, system=True, display=None, display_format=None)
2025-05-12 21:41:55,696:INFO:Checking exceptions
2025-05-12 21:41:55,696:INFO:Preloading libraries
2025-05-12 21:41:55,697:INFO:Copying training dataset
2025-05-12 21:41:55,697:INFO:Plot type: manifold
2025-05-12 21:41:55,756:INFO:Fitting & Transforming Model
2025-05-12 21:41:56,078:INFO:Visual Rendered Successfully
2025-05-12 21:41:56,169:INFO:plot_model() successfully completed......................................
2025-05-12 21:42:04,766:INFO:Initializing plot_model()
2025-05-12 21:42:04,766:INFO:plot_model(self=<pycaret.regression.oop.RegressionExperiment object at 0x0000015564516D10>, estimator=LinearRegression(n_jobs=-1), plot=vc, scale=1, save=False, fold=KFold(n_splits=10, random_state=None, shuffle=False), fit_kwargs={}, plot_kwargs=None, groups=None, feature_name=None, label=False, verbose=False, system=True, display=None, display_format=None)
2025-05-12 21:42:04,766:INFO:Checking exceptions
2025-05-12 21:42:04,767:INFO:Preloading libraries
2025-05-12 21:42:04,767:INFO:Copying training dataset
2025-05-12 21:42:04,767:INFO:Plot type: vc
2025-05-12 21:42:04,767:INFO:Determining param_name
2025-05-12 21:42:07,906:INFO:Initializing plot_model()
2025-05-12 21:42:07,906:INFO:plot_model(self=<pycaret.regression.oop.RegressionExperiment object at 0x0000015564516D10>, estimator=LinearRegression(n_jobs=-1), plot=feature, scale=1, save=False, fold=KFold(n_splits=10, random_state=None, shuffle=False), fit_kwargs={}, plot_kwargs=None, groups=None, feature_name=None, label=False, verbose=False, system=True, display=None, display_format=None)
2025-05-12 21:42:07,906:INFO:Checking exceptions
2025-05-12 21:42:07,907:INFO:Preloading libraries
2025-05-12 21:42:07,907:INFO:Copying training dataset
2025-05-12 21:42:07,907:INFO:Plot type: feature
2025-05-12 21:42:07,980:INFO:Visual Rendered Successfully
2025-05-12 21:42:08,084:INFO:plot_model() successfully completed......................................
2025-05-12 21:42:24,506:INFO:Initializing plot_model()
2025-05-12 21:42:24,506:INFO:plot_model(self=<pycaret.regression.oop.RegressionExperiment object at 0x0000015564516D10>, estimator=LinearRegression(n_jobs=-1), plot=feature_all, scale=1, save=False, fold=KFold(n_splits=10, random_state=None, shuffle=False), fit_kwargs={}, plot_kwargs=None, groups=None, feature_name=None, label=False, verbose=False, system=True, display=None, display_format=None)
2025-05-12 21:42:24,506:INFO:Checking exceptions
2025-05-12 21:42:24,507:INFO:Preloading libraries
2025-05-12 21:42:24,507:INFO:Copying training dataset
2025-05-12 21:42:24,507:INFO:Plot type: feature_all
2025-05-12 21:42:24,574:WARNING:c:\Users\Brangovich\AppData\Local\Programs\Python\Python311\Lib\site-packages\matplotlib\_tight_bbox.py:67: RuntimeWarning: divide by zero encountered in scalar divide
  fig.patch.set_bounds(x0 / w1, y0 / h1,

2025-05-12 21:42:24,574:WARNING:c:\Users\Brangovich\AppData\Local\Programs\Python\Python311\Lib\site-packages\matplotlib\_tight_bbox.py:68: RuntimeWarning: divide by zero encountered in scalar divide
  fig.bbox.width / w1, fig.bbox.height / h1)

2025-05-12 21:42:24,575:WARNING:c:\Users\Brangovich\AppData\Local\Programs\Python\Python311\Lib\site-packages\matplotlib\patches.py:739: RuntimeWarning: invalid value encountered in scalar add
  y1 = self.convert_yunits(self._y0 + self._height)

2025-05-12 21:42:24,575:WARNING:c:\Users\Brangovich\AppData\Local\Programs\Python\Python311\Lib\site-packages\matplotlib\transforms.py:2050: RuntimeWarning: invalid value encountered in scalar add
  self._mtx[1, 2] += ty

2025-05-12 21:42:24,588:INFO:Visual Rendered Successfully
2025-05-12 21:42:24,686:INFO:plot_model() successfully completed......................................
2025-05-12 21:42:27,212:INFO:Initializing plot_model()
2025-05-12 21:42:27,213:INFO:plot_model(self=<pycaret.regression.oop.RegressionExperiment object at 0x0000015564516D10>, estimator=LinearRegression(n_jobs=-1), plot=tree, scale=1, save=False, fold=KFold(n_splits=10, random_state=None, shuffle=False), fit_kwargs={}, plot_kwargs=None, groups=None, feature_name=None, label=False, verbose=False, system=True, display=None, display_format=None)
2025-05-12 21:42:27,213:INFO:Checking exceptions
2025-05-12 21:42:32,808:INFO:Initializing plot_model()
2025-05-12 21:42:32,808:INFO:plot_model(self=<pycaret.regression.oop.RegressionExperiment object at 0x0000015564516D10>, estimator=LinearRegression(n_jobs=-1), plot=residuals_interactive, scale=1, save=False, fold=KFold(n_splits=10, random_state=None, shuffle=False), fit_kwargs={}, plot_kwargs=None, groups=None, feature_name=None, label=False, verbose=False, system=True, display=None, display_format=None)
2025-05-12 21:42:32,808:INFO:Checking exceptions
2025-05-12 21:42:32,809:INFO:Preloading libraries
2025-05-12 21:42:32,809:INFO:Copying training dataset
2025-05-12 21:42:32,809:INFO:Plot type: residuals_interactive
2025-05-12 21:42:32,863:INFO:Calculated model residuals
2025-05-12 21:42:44,387:INFO:Calculated Tunkey-Anscombe Plot
2025-05-12 21:42:44,400:INFO:Calculated Normal QQ Plot
2025-05-12 21:42:44,435:INFO:Calculated Scale-Location Plot
2025-05-12 21:42:44,476:INFO:Calculated Residual vs Leverage Plot inc. Cook's distance
2025-05-12 21:42:44,496:INFO:Visual Rendered Successfully
2025-05-12 21:42:44,613:INFO:plot_model() successfully completed......................................
2025-05-12 21:42:44,620:INFO:Initializing evaluate_model()
2025-05-12 21:42:44,620:INFO:evaluate_model(self=<pycaret.regression.oop.RegressionExperiment object at 0x0000015564516D10>, estimator=LinearRegression(n_jobs=-1), fold=None, fit_kwargs=None, plot_kwargs=None, feature_name=None, groups=None)
2025-05-12 21:42:44,625:INFO:Initializing plot_model()
2025-05-12 21:42:44,625:INFO:plot_model(self=<pycaret.regression.oop.RegressionExperiment object at 0x0000015564516D10>, estimator=LinearRegression(n_jobs=-1), plot=pipeline, scale=1, save=False, fold=KFold(n_splits=10, random_state=None, shuffle=False), fit_kwargs={}, plot_kwargs=None, groups=None, feature_name=None, label=False, verbose=False, system=True, display=None, display_format=None)
2025-05-12 21:42:44,625:INFO:Checking exceptions
2025-05-12 21:42:44,626:INFO:Preloading libraries
2025-05-12 21:42:44,626:INFO:Copying training dataset
2025-05-12 21:42:44,626:INFO:Plot type: pipeline
2025-05-12 21:42:44,667:INFO:Visual Rendered Successfully
2025-05-12 21:42:44,780:INFO:plot_model() successfully completed......................................
2025-05-12 21:42:44,787:INFO:Initializing plot_model()
2025-05-12 21:42:44,787:INFO:plot_model(self=<pycaret.regression.oop.RegressionExperiment object at 0x0000015564516D10>, estimator=LinearRegression(n_jobs=-1), plot=pipeline, scale=1, save=False, fold=KFold(n_splits=10, random_state=None, shuffle=False), fit_kwargs={}, plot_kwargs=None, groups=None, feature_name=None, label=False, verbose=False, system=True, display=None, display_format=None)
2025-05-12 21:42:44,788:INFO:Checking exceptions
2025-05-12 21:42:44,789:INFO:Preloading libraries
2025-05-12 21:42:44,789:INFO:Copying training dataset
2025-05-12 21:42:44,789:INFO:Plot type: pipeline
2025-05-12 21:42:44,833:INFO:Visual Rendered Successfully
2025-05-12 21:42:44,945:INFO:plot_model() successfully completed......................................
2025-05-12 21:43:56,165:INFO:Initializing predict_model()
2025-05-12 21:43:56,165:INFO:predict_model(self=<pycaret.regression.oop.RegressionExperiment object at 0x0000015564516D10>, estimator=LinearRegression(n_jobs=-1), probability_threshold=None, encoded_labels=False, raw_score=False, round=4, verbose=True, ml_usecase=None, preprocess=True, encode_labels=<function _SupervisedExperiment.predict_model.<locals>.encode_labels at 0x0000015564E95260>)
2025-05-12 21:43:56,165:INFO:Checking exceptions
2025-05-12 21:43:56,165:INFO:Preloading libraries
2025-05-12 21:43:56,198:WARNING:c:\Users\Brangovich\AppData\Local\Programs\Python\Python311\Lib\site-packages\sklearn\metrics\_regression.py:483: FutureWarning:

'squared' is deprecated in version 1.4 and will be removed in 1.6. To calculate the root mean squared error, use the function'root_mean_squared_error'.


2025-05-12 21:59:35,441:INFO:Initializing save_model()
2025-05-12 21:59:35,441:INFO:save_model(model=LinearRegression(n_jobs=-1), model_name=modelo_precio_final, prep_pipe_=Pipeline(memory=FastMemory(location=C:\Users\BRANGO~1\AppData\Local\Temp\joblib),
         steps=[('numerical_imputer',
                 TransformerWrapper(include=['area_m2', 'num_habitaciones',
                                             'num_banos', 'antiguedad_anos',
                                             'vista_mar'],
                                    transformer=SimpleImputer())),
                ('categorical_imputer',
                 TransformerWrapper(include=['distrito'],
                                    transformer=SimpleImputer(strategy='most_frequent'))),
                ('onehot_encoding',
                 TransformerWrapper(include=['distrito'],
                                    transformer=OneHotEncoder(cols=['distrito'],
                                                              handle_missing='return_nan',
                                                              use_cat_names=True))),
                ('normalize',
                 TransformerWrapper(transformer=StandardScaler()))]), verbose=True, use_case=MLUsecase.REGRESSION, kwargs={})
2025-05-12 21:59:35,441:INFO:Adding model into prep_pipe
2025-05-12 21:59:35,444:INFO:modelo_precio_final.pkl saved in current working directory
2025-05-12 21:59:35,446:INFO:Pipeline(memory=Memory(location=None),
         steps=[('numerical_imputer',
                 TransformerWrapper(include=['area_m2', 'num_habitaciones',
                                             'num_banos', 'antiguedad_anos',
                                             'vista_mar'],
                                    transformer=SimpleImputer())),
                ('categorical_imputer',
                 TransformerWrapper(include=['distrito'],
                                    transformer=SimpleImputer(strategy='most_frequent'))),
                ('onehot_encoding',
                 TransformerWrapper(include=['distrito'],
                                    transformer=OneHotEncoder(cols=['distrito'],
                                                              handle_missing='return_nan',
                                                              use_cat_names=True))),
                ('normalize', TransformerWrapper(transformer=StandardScaler())),
                ('trained_model', LinearRegression(n_jobs=-1))])
2025-05-12 21:59:35,446:INFO:save_model() successfully completed......................................
